2023-04-02 22:55:04.997440 - Initialized conversion of CBT244
2023-04-02 22:55:06.118507 - Received CBT.V504.FILE244.PDS from FILE244.XMI 
2023-04-02 22:55:06.121467 - Found $$$#DATE.txt (text/plain) in CBT.V504.FILE244.PDS, moved to PDS/$$$#DATE
2023-04-02 22:55:06.122762 - Found $$$NOTE1.txt (text/plain) in CBT.V504.FILE244.PDS, moved to PDS/$$$NOTE1
2023-04-02 22:55:06.124137 - Found ###INDEX.txt (text/plain) in CBT.V504.FILE244.PDS, moved to PDS/###INDEX
2023-04-02 22:55:06.125249 - Found @FILE244.txt (text/plain) in CBT.V504.FILE244.PDS, moved to PDS/@FILE244
2023-04-02 22:55:06.126829 - Found A01#INDX.txt (text/plain) in CBT.V504.FILE244.PDS, moved to PDS/A01#INDX
2023-04-02 22:55:06.128110 - Found A01CALL.txt (text/plain) in CBT.V504.FILE244.PDS, moved to PDS/A01CALL
2023-04-02 22:55:06.129198 - Found A01CHECK.txt (text/plain) in CBT.V504.FILE244.PDS, moved to PDS/A01CHECK
2023-04-02 22:55:06.130526 - Found A01DELNV.txt (text/plain) in CBT.V504.FILE244.PDS, moved to PDS/A01DELNV
2023-04-02 22:55:06.131672 - Found A01DSNWT.txt (text/plain) in CBT.V504.FILE244.PDS, moved to PDS/A01DSNWT
2023-04-02 22:55:06.132989 - Found A01ENQ.txt (text/plain) in CBT.V504.FILE244.PDS, moved to PDS/A01ENQ
2023-04-02 22:55:06.134177 - Found A01EXTNT.txt (text/plain) in CBT.V504.FILE244.PDS, moved to PDS/A01EXTNT
2023-04-02 22:55:06.135280 - Found A01FREE.txt (text/plain) in CBT.V504.FILE244.PDS, moved to PDS/A01FREE
2023-04-02 22:55:06.136291 - Found A01GETAC.txt (text/plain) in CBT.V504.FILE244.PDS, moved to PDS/A01GETAC
2023-04-02 22:55:06.137269 - Found A01HSMNC.txt (text/plain) in CBT.V504.FILE244.PDS, moved to PDS/A01HSMNC
2023-04-02 22:55:06.138334 - Found A01INMRZ.txt (text/plain) in CBT.V504.FILE244.PDS, moved to PDS/A01INMRZ
2023-04-02 22:55:06.139392 - Found A01IPLVO.txt (text/plain) in CBT.V504.FILE244.PDS, moved to PDS/A01IPLVO
2023-04-02 22:55:06.140721 - Found A01LIST.txt (text/plain) in CBT.V504.FILE244.PDS, moved to PDS/A01LIST
2023-04-02 22:55:06.141790 - Found A01LOGOF.txt (text/plain) in CBT.V504.FILE244.PDS, moved to PDS/A01LOGOF
2023-04-02 22:55:06.142792 - Found A01MOVIE.txt (text/plain) in CBT.V504.FILE244.PDS, moved to PDS/A01MOVIE
2023-04-02 22:55:06.143838 - Found A01PAGEL.txt (text/plain) in CBT.V504.FILE244.PDS, moved to PDS/A01PAGEL
2023-04-02 22:55:06.144912 - Found A01PC100.txt (text/plain) in CBT.V504.FILE244.PDS, moved to PDS/A01PC100
2023-04-02 22:55:06.145939 - Found A01PH010.txt (text/plain) in CBT.V504.FILE244.PDS, moved to PDS/A01PH010
2023-04-02 22:55:06.146951 - Found A01PH020.txt (text/plain) in CBT.V504.FILE244.PDS, moved to PDS/A01PH020
2023-04-02 22:55:06.148053 - Found A01PH030.txt (text/plain) in CBT.V504.FILE244.PDS, moved to PDS/A01PH030
2023-04-02 22:55:06.149142 - Found A01PH040.txt (text/plain) in CBT.V504.FILE244.PDS, moved to PDS/A01PH040
2023-04-02 22:55:06.150105 - Found A01PH050.txt (text/plain) in CBT.V504.FILE244.PDS, moved to PDS/A01PH050
2023-04-02 22:55:06.151090 - Found A01PH060.txt (text/plain) in CBT.V504.FILE244.PDS, moved to PDS/A01PH060
2023-04-02 22:55:06.152074 - Found A01PH070.txt (text/plain) in CBT.V504.FILE244.PDS, moved to PDS/A01PH070
2023-04-02 22:55:06.153034 - Found A01PH080.txt (text/plain) in CBT.V504.FILE244.PDS, moved to PDS/A01PH080
2023-04-02 22:55:06.154039 - Found A01PH090.txt (text/plain) in CBT.V504.FILE244.PDS, moved to PDS/A01PH090
2023-04-02 22:55:06.155067 - Found A01PH100.txt (text/plain) in CBT.V504.FILE244.PDS, moved to PDS/A01PH100
2023-04-02 22:55:06.156268 - Found A01PH101.txt (text/plain) in CBT.V504.FILE244.PDS, moved to PDS/A01PH101
2023-04-02 22:55:06.157438 - Found A01PH110.txt (text/plain) in CBT.V504.FILE244.PDS, moved to PDS/A01PH110
2023-04-02 22:55:06.158553 - Found A01PH120.txt (text/plain) in CBT.V504.FILE244.PDS, moved to PDS/A01PH120
2023-04-02 22:55:06.159676 - Found A01PH130.txt (text/plain) in CBT.V504.FILE244.PDS, moved to PDS/A01PH130
2023-04-02 22:55:06.161040 - Found A01PM00.txt (text/plain) in CBT.V504.FILE244.PDS, moved to PDS/A01PM00
2023-04-02 22:55:06.162114 - Found A01PM01.txt (text/plain) in CBT.V504.FILE244.PDS, moved to PDS/A01PM01
2023-04-02 22:55:06.163157 - Found A01PM02.txt (text/plain) in CBT.V504.FILE244.PDS, moved to PDS/A01PM02
2023-04-02 22:55:06.164238 - Found A01PM03.txt (text/plain) in CBT.V504.FILE244.PDS, moved to PDS/A01PM03
2023-04-02 22:55:06.165264 - Found A01PM04.txt (text/plain) in CBT.V504.FILE244.PDS, moved to PDS/A01PM04
2023-04-02 22:55:06.166259 - Found A01PM09.txt (text/plain) in CBT.V504.FILE244.PDS, moved to PDS/A01PM09
2023-04-02 22:55:06.167540 - Found A01PP010.txt (text/plain) in CBT.V504.FILE244.PDS, moved to PDS/A01PP010
2023-04-02 22:55:06.168739 - Found A01PP020.txt (text/plain) in CBT.V504.FILE244.PDS, moved to PDS/A01PP020
2023-04-02 22:55:06.170101 - Found A01PP030.txt (text/plain) in CBT.V504.FILE244.PDS, moved to PDS/A01PP030
2023-04-02 22:55:06.171224 - Found A01PP040.txt (text/plain) in CBT.V504.FILE244.PDS, moved to PDS/A01PP040
2023-04-02 22:55:06.172382 - Found A01PP050.txt (text/plain) in CBT.V504.FILE244.PDS, moved to PDS/A01PP050
2023-04-02 22:55:06.173283 - Found A01PP060.txt (text/plain) in CBT.V504.FILE244.PDS, moved to PDS/A01PP060
2023-04-02 22:55:06.174434 - Found A01PP070.txt (text/plain) in CBT.V504.FILE244.PDS, moved to PDS/A01PP070
2023-04-02 22:55:06.175683 - Found A01PP080.txt (text/plain) in CBT.V504.FILE244.PDS, moved to PDS/A01PP080
2023-04-02 22:55:06.176830 - Found A01PP090.txt (text/plain) in CBT.V504.FILE244.PDS, moved to PDS/A01PP090
2023-04-02 22:55:06.177837 - Found A01PP100.txt (text/plain) in CBT.V504.FILE244.PDS, moved to PDS/A01PP100
2023-04-02 22:55:06.178842 - Found A01PP110.txt (text/plain) in CBT.V504.FILE244.PDS, moved to PDS/A01PP110
2023-04-02 22:55:06.179826 - Found A01PP120.txt (text/plain) in CBT.V504.FILE244.PDS, moved to PDS/A01PP120
2023-04-02 22:55:06.180790 - Found A01PP130.txt (text/plain) in CBT.V504.FILE244.PDS, moved to PDS/A01PP130
2023-04-02 22:55:06.181850 - Found A01PP140.txt (text/plain) in CBT.V504.FILE244.PDS, moved to PDS/A01PP140
2023-04-02 22:55:06.182979 - Found A01P0100.txt (text/plain) in CBT.V504.FILE244.PDS, moved to PDS/A01P0100
2023-04-02 22:55:06.183965 - Found A01P0200.txt (text/plain) in CBT.V504.FILE244.PDS, moved to PDS/A01P0200
2023-04-02 22:55:06.184905 - Found A01RACXT.txt (text/plain) in CBT.V504.FILE244.PDS, moved to PDS/A01RACXT
2023-04-02 22:55:06.185815 - Found A01RCORE.txt (text/plain) in CBT.V504.FILE244.PDS, moved to PDS/A01RCORE
2023-04-02 22:55:06.186708 - Found A01SCAN.txt (text/plain) in CBT.V504.FILE244.PDS, moved to PDS/A01SCAN
2023-04-02 22:55:06.187843 - Found A01SETV.txt (text/plain) in CBT.V504.FILE244.PDS, moved to PDS/A01SETV
2023-04-02 22:55:06.188779 - Found A01SKEOF.txt (text/plain) in CBT.V504.FILE244.PDS, moved to PDS/A01SKEOF
2023-04-02 22:55:06.189686 - Found A01SMF.txt (text/plain) in CBT.V504.FILE244.PDS, moved to PDS/A01SMF
2023-04-02 22:55:06.190617 - Found A01TAPE.txt (text/plain) in CBT.V504.FILE244.PDS, moved to PDS/A01TAPE
2023-04-02 22:55:06.191553 - Found A01UT01.txt (text/plain) in CBT.V504.FILE244.PDS, moved to PDS/A01UT01
2023-04-02 22:55:06.192439 - Found A01VERFY.txt (text/plain) in CBT.V504.FILE244.PDS, moved to PDS/A01VERFY
2023-04-02 22:55:06.193351 - Found A01WAIT.txt (text/plain) in CBT.V504.FILE244.PDS, moved to PDS/A01WAIT
2023-04-02 22:55:06.194289 - Found A01Z.txt (text/plain) in CBT.V504.FILE244.PDS, moved to PDS/A01Z
2023-04-02 22:55:06.195227 - Found A01ZDOW.txt (text/plain) in CBT.V504.FILE244.PDS, moved to PDS/A01ZDOW
2023-04-02 22:55:06.196135 - Found A02#INDX.txt (text/plain) in CBT.V504.FILE244.PDS, moved to PDS/A02#INDX
2023-04-02 22:55:06.197074 - Found A02CLEAR.txt (text/plain) in CBT.V504.FILE244.PDS, moved to PDS/A02CLEAR
2023-04-02 22:55:06.198021 - Found A02HN021.txt (text/plain) in CBT.V504.FILE244.PDS, moved to PDS/A02HN021
2023-04-02 22:55:06.198965 - Found A02HN211.txt (text/plain) in CBT.V504.FILE244.PDS, moved to PDS/A02HN211
2023-04-02 22:55:06.199926 - Found A02JOBC.txt (text/plain) in CBT.V504.FILE244.PDS, moved to PDS/A02JOBC
2023-04-02 22:55:06.200946 - Found A02MGN02.txt (text/plain) in CBT.V504.FILE244.PDS, moved to PDS/A02MGN02
2023-04-02 22:55:06.201881 - Found A02N021.txt (text/plain) in CBT.V504.FILE244.PDS, moved to PDS/A02N021
2023-04-02 22:55:06.202892 - Found A02N021A.txt (text/plain) in CBT.V504.FILE244.PDS, moved to PDS/A02N021A
2023-04-02 22:55:06.204290 - Found A02N021B.txt (text/plain) in CBT.V504.FILE244.PDS, moved to PDS/A02N021B
2023-04-02 22:55:06.205577 - Found A02N021C.txt (text/plain) in CBT.V504.FILE244.PDS, moved to PDS/A02N021C
2023-04-02 22:55:06.206950 - Found A02N021D.txt (text/plain) in CBT.V504.FILE244.PDS, moved to PDS/A02N021D
2023-04-02 22:55:06.208029 - Found A02N021E.txt (text/plain) in CBT.V504.FILE244.PDS, moved to PDS/A02N021E
2023-04-02 22:55:06.209121 - Found A02N021F.txt (text/plain) in CBT.V504.FILE244.PDS, moved to PDS/A02N021F
2023-04-02 22:55:06.210187 - Found A02N021G.txt (text/plain) in CBT.V504.FILE244.PDS, moved to PDS/A02N021G
2023-04-02 22:55:06.211249 - Found A02N021H.txt (text/plain) in CBT.V504.FILE244.PDS, moved to PDS/A02N021H
2023-04-02 22:55:06.212340 - Found A02N021W.txt (text/plain) in CBT.V504.FILE244.PDS, moved to PDS/A02N021W
2023-04-02 22:55:06.213364 - Found A02N021X.txt (text/plain) in CBT.V504.FILE244.PDS, moved to PDS/A02N021X
2023-04-02 22:55:06.214443 - Found A02N021Y.txt (text/plain) in CBT.V504.FILE244.PDS, moved to PDS/A02N021Y
2023-04-02 22:55:06.215499 - Found A02N021Z.txt (text/plain) in CBT.V504.FILE244.PDS, moved to PDS/A02N021Z
2023-04-02 22:55:06.216812 - Found A02N0210.txt (text/plain) in CBT.V504.FILE244.PDS, moved to PDS/A02N0210
2023-04-02 22:55:06.217990 - Found A02N0211.txt (text/plain) in CBT.V504.FILE244.PDS, moved to PDS/A02N0211
2023-04-02 22:55:06.219316 - Found A02N0213.txt (text/plain) in CBT.V504.FILE244.PDS, moved to PDS/A02N0213
2023-04-02 22:55:06.220419 - Found A02N0214.txt (text/plain) in CBT.V504.FILE244.PDS, moved to PDS/A02N0214
2023-04-02 22:55:06.221544 - Found A02PN021.txt (text/plain) in CBT.V504.FILE244.PDS, moved to PDS/A02PN021
2023-04-02 22:55:06.222627 - Found A02SETUP.txt (text/plain) in CBT.V504.FILE244.PDS, moved to PDS/A02SETUP
2023-04-02 22:55:06.223681 - Found A02SOAK.jcl (text/plain) in CBT.V504.FILE244.PDS, moved to PDS/A02SOAK
2023-04-02 22:55:06.224689 - Found A02VARS.jcl (text/plain) in CBT.V504.FILE244.PDS, moved to PDS/A02VARS
2023-04-02 22:55:06.225600 - Found A02ZOOM.txt (text/plain) in CBT.V504.FILE244.PDS, moved to PDS/A02ZOOM
2023-04-02 22:55:06.225615 - Found A02Z3426.x-dosexec containing application/x-dosexec, moved to PDS/A02Z3426
2023-04-02 22:55:06.227516 - Found A02Z7504.txt (text/plain) in CBT.V504.FILE244.PDS, moved to PDS/A02Z7504
2023-04-02 22:55:06.228501 - Found A03#INDX.txt (text/plain) in CBT.V504.FILE244.PDS, moved to PDS/A03#INDX
2023-04-02 22:55:06.229433 - Found A03ITERM.jcl (text/plain) in CBT.V504.FILE244.PDS, moved to PDS/A03ITERM
2023-04-02 22:55:06.230393 - Found A03JEFLD.jcl (text/plain) in CBT.V504.FILE244.PDS, moved to PDS/A03JEFLD
2023-04-02 22:55:06.231351 - Found A03LLOW.jcl (text/plain) in CBT.V504.FILE244.PDS, moved to PDS/A03LLOW
2023-04-02 22:55:06.232309 - Found A03LLOWP.jcl (text/plain) in CBT.V504.FILE244.PDS, moved to PDS/A03LLOWP
2023-04-02 22:55:06.233275 - Found A03LLOWR.jcl (text/plain) in CBT.V504.FILE244.PDS, moved to PDS/A03LLOWR
2023-04-02 22:55:06.234243 - Found A03LPA01.txt (text/plain) in CBT.V504.FILE244.PDS, moved to PDS/A03LPA01
2023-04-02 22:55:06.235196 - Found A03UJV.jcl (text/plain) in CBT.V504.FILE244.PDS, moved to PDS/A03UJV
2023-04-02 22:55:06.236541 - Found A03UJVRR.jcl (text/plain) in CBT.V504.FILE244.PDS, moved to PDS/A03UJVRR
2023-04-02 22:55:06.237594 - Found A03UX01.jcl (text/plain) in CBT.V504.FILE244.PDS, moved to PDS/A03UX01
2023-04-02 22:55:06.238555 - Found A03X023.jcl (text/plain) in CBT.V504.FILE244.PDS, moved to PDS/A03X023
2023-04-02 22:55:06.239545 - Found A04#INDX.txt (text/plain) in CBT.V504.FILE244.PDS, moved to PDS/A04#INDX
2023-04-02 22:55:06.240678 - Found A04VTOC.txt (text/plain) in CBT.V504.FILE244.PDS, moved to PDS/A04VTOC
2023-04-02 22:55:06.241723 - Found A05#INDX.txt (text/plain) in CBT.V504.FILE244.PDS, moved to PDS/A05#INDX
2023-04-02 22:55:06.242886 - Found A05DATEC.rexx (text/plain) in CBT.V504.FILE244.PDS, moved to PDS/A05DATEC
2023-04-02 22:55:06.243890 - Found A05IPL.txt (text/plain) in CBT.V504.FILE244.PDS, moved to PDS/A05IPL
2023-04-02 22:55:06.245079 - Found A0505SYS.rexx (text/plain) in CBT.V504.FILE244.PDS, moved to PDS/A0505SYS
2023-04-02 22:55:06.246123 - Found A0550PP1.txt (text/plain) in CBT.V504.FILE244.PDS, moved to PDS/A0550PP1
2023-04-02 22:55:06.247307 - Found A06#INDX.txt (text/plain) in CBT.V504.FILE244.PDS, moved to PDS/A06#INDX
2023-04-02 22:55:06.248323 - Found A06CLOCK.txt (text/plain) in CBT.V504.FILE244.PDS, moved to PDS/A06CLOCK
2023-04-02 22:55:06.249292 - Found A06DELRP.txt (text/plain) in CBT.V504.FILE244.PDS, moved to PDS/A06DELRP
2023-04-02 22:55:06.250235 - Found A06DOCMS.txt (text/plain) in CBT.V504.FILE244.PDS, moved to PDS/A06DOCMS
2023-04-02 22:55:06.251397 - Found A07#INDX.txt (text/plain) in CBT.V504.FILE244.PDS, moved to PDS/A07#INDX
2023-04-02 22:55:06.252488 - Found A07BROWS.txt (text/plain) in CBT.V504.FILE244.PDS, moved to PDS/A07BROWS
2023-04-02 22:55:06.253512 - Found A07CLSCR.txt (text/plain) in CBT.V504.FILE244.PDS, moved to PDS/A07CLSCR
2023-04-02 22:55:06.254433 - Found A07DATE.txt (text/plain) in CBT.V504.FILE244.PDS, moved to PDS/A07DATE
2023-04-02 22:55:06.255386 - Found A07DAY.txt (text/plain) in CBT.V504.FILE244.PDS, moved to PDS/A07DAY
2023-04-02 22:55:06.256896 - Found A07EOJ.txt (text/plain) in CBT.V504.FILE244.PDS, moved to PDS/A07EOJ
2023-04-02 22:55:06.257942 - Found A07PARSE.txt (text/plain) in CBT.V504.FILE244.PDS, moved to PDS/A07PARSE
2023-04-02 22:55:06.258940 - Found A07REGEQ.txt (text/plain) in CBT.V504.FILE244.PDS, moved to PDS/A07REGEQ
2023-04-02 22:55:06.259942 - Found A07SCAN.txt (text/plain) in CBT.V504.FILE244.PDS, moved to PDS/A07SCAN
2023-04-02 22:55:06.261053 - Found A07SCANR.txt (text/plain) in CBT.V504.FILE244.PDS, moved to PDS/A07SCANR
2023-04-02 22:55:06.261989 - Found A07SCANT.txt (text/plain) in CBT.V504.FILE244.PDS, moved to PDS/A07SCANT
2023-04-02 22:55:06.262946 - Found A07SMDOC.txt (text/plain) in CBT.V504.FILE244.PDS, moved to PDS/A07SMDOC
2023-04-02 22:55:06.263906 - Found A07SV255.txt (text/plain) in CBT.V504.FILE244.PDS, moved to PDS/A07SV255
2023-04-02 22:55:06.264844 - Found A07UTCPY.txt (text/plain) in CBT.V504.FILE244.PDS, moved to PDS/A07UTCPY
2023-04-02 22:55:06.265736 - Found A07ZAP1.txt (text/plain) in CBT.V504.FILE244.PDS, moved to PDS/A07ZAP1
2023-04-02 22:55:06.266623 - Found A07ZAP1A.txt (text/plain) in CBT.V504.FILE244.PDS, moved to PDS/A07ZAP1A
2023-04-02 22:55:06.267544 - Found A07ZAP2.txt (text/plain) in CBT.V504.FILE244.PDS, moved to PDS/A07ZAP2
2023-04-02 22:55:06.268520 - Found A07ZAP3.txt (text/plain) in CBT.V504.FILE244.PDS, moved to PDS/A07ZAP3
2023-04-02 22:55:06.269425 - Found A07ZAP3A.txt (text/plain) in CBT.V504.FILE244.PDS, moved to PDS/A07ZAP3A
2023-04-02 22:55:06.270289 - Found A07ZAP3B.txt (text/plain) in CBT.V504.FILE244.PDS, moved to PDS/A07ZAP3B
2023-04-02 22:55:06.271198 - Found A07ZAP4.txt (text/plain) in CBT.V504.FILE244.PDS, moved to PDS/A07ZAP4
2023-04-02 22:55:06.272538 - Found A07ZAP5.txt (text/plain) in CBT.V504.FILE244.PDS, moved to PDS/A07ZAP5
2023-04-02 22:55:06.273843 - Found A07000IX.txt (text/plain) in CBT.V504.FILE244.PDS, moved to PDS/A07000IX
2023-04-02 22:55:06.274844 - Found A07176IX.txt (text/plain) in CBT.V504.FILE244.PDS, moved to PDS/A07176IX
2023-04-02 22:55:06.275793 - Found A07701DX.txt (text/plain) in CBT.V504.FILE244.PDS, moved to PDS/A07701DX
